Using pre-set license
Built from '2020.2/staging' branch; Version is '2020.2.3f1 (8ff31bc5bf5b) revision 9433883'; Using compiler version '192528614'; Build Type 'Release'
OS: 'Windows 10 Home; OS build 19041.867; Version 2004; 64bit' Language: 'en' Physical Memory: 16269 MB
BatchMode: 1, IsHumanControllingUs: 0, StartBugReporterOnCrash: 0, Is64bit: 1, IsPro: 0

 COMMAND LINE ARGUMENTS:
C:\Program Files\Unity\Hub\Editor\2020.2.3f1\Editor\Unity.exe
-adb2
-batchMode
-noUpm
-name
AssetImportWorker0
-projectPath
C:/Users/George Tang/Desktop/Assignment 11
-logFile
Logs/AssetImportWorker0.log
-srvPort
64231
Successfully changed project path to: C:/Users/George Tang/Desktop/Assignment 11
C:/Users/George Tang/Desktop/Assignment 11
Using Asset Import Pipeline V2.
Refreshing native plugins compatible for Editor in 73.46 ms, found 0 plugins.
Preloading 0 native plugins for Editor in 0.00 ms.
Initialize engine version: 2020.2.3f1 (8ff31bc5bf5b)
[Subsystems] Discovering subsystems at path C:/Program Files/Unity/Hub/Editor/2020.2.3f1/Editor/Data/Resources/UnitySubsystems
[Subsystems] Discovering subsystems at path C:/Users/George Tang/Desktop/Assignment 11/Assets
GfxDevice: creating device client; threaded=0
Direct3D:
    Version:  Direct3D 11.0 [level 11.1]
    Renderer: NVIDIA GeForce GTX 1070 (ID=0x1ba1)
    Vendor:   
    VRAM:     8081 MB
    Driver:   27.21.14.6140
Initialize mono
Mono path[0] = 'C:/Program Files/Unity/Hub/Editor/2020.2.3f1/Editor/Data/Managed'
Mono path[1] = 'C:/Program Files/Unity/Hub/Editor/2020.2.3f1/Editor/Data/MonoBleedingEdge/lib/mono/unityjit'
Mono config path = 'C:/Program Files/Unity/Hub/Editor/2020.2.3f1/Editor/Data/MonoBleedingEdge/etc'
Using monoOptions --debugger-agent=transport=dt_socket,embedding=1,server=y,suspend=n,address=127.0.0.1:56504
Begin MonoManager ReloadAssembly
Registering precompiled unity dll's ...
Register platform support module: C:/Program Files/Unity/Hub/Editor/2020.2.3f1/Editor/Data/PlaybackEngines/WebGLSupport/UnityEditor.WebGL.Extensions.dll
Register platform support module: C:/Program Files/Unity/Hub/Editor/2020.2.3f1/Editor/Data/PlaybackEngines/WindowsStandaloneSupport/UnityEditor.WindowsStandalone.Extensions.dll
Registered in 0.003814 seconds.
Native extension for WindowsStandalone target not found
Native extension for WebGL target not found
Refreshing native plugins compatible for Editor in 79.72 ms, found 0 plugins.
Preloading 0 native plugins for Editor in 0.00 ms.
Invoked RoslynAnalysisRunner static constructor.
RoslynAnalysisRunner will not be running.
RoslynAnalysisRunner has terminated.
Mono: successfully reloaded assembly
- Completed reload, in  2.579 seconds
Platform modules already initialized, skipping
Registering precompiled user dll's ...
Registered in 0.002384 seconds.
Begin MonoManager ReloadAssembly
Native extension for WindowsStandalone target not found
Native extension for WebGL target not found
Refreshing native plugins compatible for Editor in 0.54 ms, found 0 plugins.
Preloading 0 native plugins for Editor in 0.00 ms.
[ScriptCompilation] NOT recompiling all scripts because this is an import worker process. Reason to compile was: Define symbols changed
PlayerSettings Validation: Requested build target group (20) doesn't exist; #define symbols for scripting won't be added.
UnityEngine.StackTraceUtility:ExtractStackTrace ()
UnityEditor.PlayerSettings:SetScriptingDefineSymbolsForGroup (UnityEditor.BuildTargetGroup,string)
UnityStandardAssets.CrossPlatformInput.Inspector.CrossPlatformInitialize:SetEnabled (string,bool,bool) (at Assets/Standard Assets/Editor/CrossPlatformInput/CrossPlatformInputInitialize.cs:127)
UnityStandardAssets.CrossPlatformInput.Inspector.CrossPlatformInitialize:.cctor () (at Assets/Standard Assets/Editor/CrossPlatformInput/CrossPlatformInputInitialize.cs:22)
System.Runtime.CompilerServices.RuntimeHelpers:RunClassConstructor (System.RuntimeTypeHandle)
UnityEditor.EditorAssemblies:ProcessInitializeOnLoadAttributes (System.Type[])

[Assets/Standard Assets/Editor/CrossPlatformInput/CrossPlatformInputInitialize.cs line 127]

PlayerSettings Validation: Requested build target group (17) doesn't exist; #define symbols for scripting won't be added.
UnityEngine.StackTraceUtility:ExtractStackTrace ()
UnityEditor.PlayerSettings:SetScriptingDefineSymbolsForGroup (UnityEditor.BuildTargetGroup,string)
UnityStandardAssets.CrossPlatformInput.Inspector.CrossPlatformInitialize:SetEnabled (string,bool,bool) (at Assets/Standard Assets/Editor/CrossPlatformInput/CrossPlatformInputInitialize.cs:127)
UnityStandardAssets.CrossPlatformInput.Inspector.CrossPlatformInitialize:.cctor () (at Assets/Standard Assets/Editor/CrossPlatformInput/CrossPlatformInputInitialize.cs:22)
System.Runtime.CompilerServices.RuntimeHelpers:RunClassConstructor (System.RuntimeTypeHandle)
UnityEditor.EditorAssemblies:ProcessInitializeOnLoadAttributes (System.Type[])

[Assets/Standard Assets/Editor/CrossPlatformInput/CrossPlatformInputInitialize.cs line 127]

Invoked RoslynAnalysisRunner static constructor.
RoslynAnalysisRunner will not be running.
RoslynAnalysisRunner has terminated.
Mono: successfully reloaded assembly
- Completed reload, in  1.890 seconds
Platform modules already initialized, skipping
========================================================================
Worker process is ready to serve import requests
Launched and connected shader compiler UnityShaderCompiler.exe after 0.06 seconds
Refreshing native plugins compatible for Editor in 0.42 ms, found 0 plugins.
Preloading 0 native plugins for Editor in 0.00 ms.
Unloading 1165 Unused Serialized files (Serialized files now loaded: 0)
System memory in use before: 59.7 MB.
System memory in use after: 59.8 MB.

Unloading 10 unused Assets to reduce memory usage. Loaded Objects now: 1606.
Total: 2.030200 ms (FindLiveObjects: 0.153900 ms CreateObjectMapping: 0.059400 ms MarkObjects: 1.675800 ms  DeleteObjects: 0.135900 ms)

========================================================================
Received Import Request.
  path: Assets/Scenes
  artifactKey: Guid(73a1173a901cc0b4da1fdcae6b8db1e5) Importer(815301076,1909f56bfc062723c751e8b465ee728b)
Start importing Assets/Scenes using Guid(73a1173a901cc0b4da1fdcae6b8db1e5) Importer(815301076,1909f56bfc062723c751e8b465ee728b)  -> (artifact id: 'a32b44e26602b16261a0fb552ae1b9da') in 0.006809 seconds
  Import took 0.009291 seconds .

========================================================================
Received Import Request.
  Time since last request: 0.913909 seconds.
  path: Assets/Week12_Adapter_and_Facade/12.1. Adapter Pattern.unity
  artifactKey: Guid(5eba8888eaad08b45be0e35a124eb81a) Importer(815301076,1909f56bfc062723c751e8b465ee728b)
Start importing Assets/Week12_Adapter_and_Facade/12.1. Adapter Pattern.unity using Guid(5eba8888eaad08b45be0e35a124eb81a) Importer(815301076,1909f56bfc062723c751e8b465ee728b)  -> (artifact id: '5c9ad0f2e79f45f82d7336acee9bc3f8') in 0.017978 seconds
  Import took 0.021209 seconds .

========================================================================
Received Import Request.
  Time since last request: 0.006815 seconds.
  path: Assets/Week12_Adapter_and_Facade/12.1. Adapter Pattern.unity
  artifactKey: Guid(5eba8888eaad08b45be0e35a124eb81a) Importer(815301076,1909f56bfc062723c751e8b465ee728b)
Start importing Assets/Week12_Adapter_and_Facade/12.1. Adapter Pattern.unity using Guid(5eba8888eaad08b45be0e35a124eb81a) Importer(815301076,1909f56bfc062723c751e8b465ee728b)  -> (artifact id: '5c9ad0f2e79f45f82d7336acee9bc3f8') in 0.005403 seconds
  Import took 0.009315 seconds .

========================================================================
Received Import Request.
  Time since last request: 3.697546 seconds.
  path: Assets/Week12_Adapter_and_Facade/12.2. Facade Pattern with GameObjects.unity
  artifactKey: Guid(e7c172e48ded9904e993e5ecc1b30380) Importer(815301076,1909f56bfc062723c751e8b465ee728b)
Start importing Assets/Week12_Adapter_and_Facade/12.2. Facade Pattern with GameObjects.unity using Guid(e7c172e48ded9904e993e5ecc1b30380) Importer(815301076,1909f56bfc062723c751e8b465ee728b)  -> (artifact id: 'd11887b25869d7147a22cc5fe3cd8067') in 0.005570 seconds
  Import took 0.008350 seconds .

========================================================================
Received Import Request.
  Time since last request: 25.402936 seconds.
  path: Assets/Week12_Adapter_and_Facade/2. Facade Pattern with GameObjects
  artifactKey: Guid(68f5a1b3d2405f44fa36dc27484cb650) Importer(815301076,1909f56bfc062723c751e8b465ee728b)
Start importing Assets/Week12_Adapter_and_Facade/2. Facade Pattern with GameObjects using Guid(68f5a1b3d2405f44fa36dc27484cb650) Importer(815301076,1909f56bfc062723c751e8b465ee728b)  -> (artifact id: 'dee73de7b72054175a43141a793c643b') in 0.013229 seconds
  Import took 0.016769 seconds .

========================================================================
Received Prepare
Registering precompiled user dll's ...
Registered in 0.002315 seconds.
Begin MonoManager ReloadAssembly
Native extension for WindowsStandalone target not found
Native extension for WebGL target not found
Refreshing native plugins compatible for Editor in 0.54 ms, found 0 plugins.
Preloading 0 native plugins for Editor in 0.00 ms.
[ScriptCompilation] NOT recompiling all scripts because this is an import worker process. Reason to compile was: Define symbols changed
PlayerSettings Validation: Requested build target group (20) doesn't exist; #define symbols for scripting won't be added.
UnityEngine.StackTraceUtility:ExtractStackTrace ()
UnityEditor.PlayerSettings:SetScriptingDefineSymbolsForGroup (UnityEditor.BuildTargetGroup,string)
UnityStandardAssets.CrossPlatformInput.Inspector.CrossPlatformInitialize:SetEnabled (string,bool,bool) (at Assets/Standard Assets/Editor/CrossPlatformInput/CrossPlatformInputInitialize.cs:127)
UnityStandardAssets.CrossPlatformInput.Inspector.CrossPlatformInitialize:.cctor () (at Assets/Standard Assets/Editor/CrossPlatformInput/CrossPlatformInputInitialize.cs:22)
System.Runtime.CompilerServices.RuntimeHelpers:RunClassConstructor (System.RuntimeTypeHandle)
UnityEditor.EditorAssemblies:ProcessInitializeOnLoadAttributes (System.Type[])

[Assets/Standard Assets/Editor/CrossPlatformInput/CrossPlatformInputInitialize.cs line 127]

PlayerSettings Validation: Requested build target group (17) doesn't exist; #define symbols for scripting won't be added.
UnityEngine.StackTraceUtility:ExtractStackTrace ()
UnityEditor.PlayerSettings:SetScriptingDefineSymbolsForGroup (UnityEditor.BuildTargetGroup,string)
UnityStandardAssets.CrossPlatformInput.Inspector.CrossPlatformInitialize:SetEnabled (string,bool,bool) (at Assets/Standard Assets/Editor/CrossPlatformInput/CrossPlatformInputInitialize.cs:127)
UnityStandardAssets.CrossPlatformInput.Inspector.CrossPlatformInitialize:.cctor () (at Assets/Standard Assets/Editor/CrossPlatformInput/CrossPlatformInputInitialize.cs:22)
System.Runtime.CompilerServices.RuntimeHelpers:RunClassConstructor (System.RuntimeTypeHandle)
UnityEditor.EditorAssemblies:ProcessInitializeOnLoadAttributes (System.Type[])

[Assets/Standard Assets/Editor/CrossPlatformInput/CrossPlatformInputInitialize.cs line 127]

Invoked RoslynAnalysisRunner static constructor.
RoslynAnalysisRunner will not be running.
RoslynAnalysisRunner has terminated.
Mono: successfully reloaded assembly
- Completed reload, in  1.706 seconds
Platform modules already initialized, skipping
Refreshing native plugins compatible for Editor in 0.90 ms, found 0 plugins.
Preloading 0 native plugins for Editor in 0.00 ms.
Unloading 1157 Unused Serialized files (Serialized files now loaded: 0)
System memory in use before: 59.5 MB.
System memory in use after: 59.5 MB.

Unloading 5 unused Assets to reduce memory usage. Loaded Objects now: 1608.
Total: 5.241700 ms (FindLiveObjects: 0.387700 ms CreateObjectMapping: 0.153600 ms MarkObjects: 4.559000 ms  DeleteObjects: 0.137000 ms)

========================================================================
Received Import Request.
  Time since last request: 35.893626 seconds.
  path: Assets/Week12_Adapter_and_Facade/2. Facade Pattern with GameObjects/Facade Class
  artifactKey: Guid(3e522e5f2ba75804d919981cbdf59d33) Importer(815301076,1909f56bfc062723c751e8b465ee728b)
Start importing Assets/Week12_Adapter_and_Facade/2. Facade Pattern with GameObjects/Facade Class using Guid(3e522e5f2ba75804d919981cbdf59d33) Importer(815301076,1909f56bfc062723c751e8b465ee728b)  -> (artifact id: '62b35ae1ada6cf57a3b1c8d609105ee9') in 0.007038 seconds
  Import took 0.010197 seconds .

========================================================================
Received Import Request.
  Time since last request: 1.190661 seconds.
  path: Assets/Week12_Adapter_and_Facade/2. Facade Pattern with GameObjects/Facade Class/CoinManagerFacade.cs
  artifactKey: Guid(3a46e8ccdc2e0df45a6790e4a088f3b9) Importer(815301076,1909f56bfc062723c751e8b465ee728b)
Start importing Assets/Week12_Adapter_and_Facade/2. Facade Pattern with GameObjects/Facade Class/CoinManagerFacade.cs using Guid(3a46e8ccdc2e0df45a6790e4a088f3b9) Importer(815301076,1909f56bfc062723c751e8b465ee728b)  -> (artifact id: '283fde12560fb1b58659388d6118e28c') in 0.033487 seconds
  Import took 0.036826 seconds .

========================================================================
Received Import Request.
  Time since last request: 0.013783 seconds.
  path: Assets/Week12_Adapter_and_Facade/2. Facade Pattern with GameObjects/Facade Class/CoinManagerFacade.cs
  artifactKey: Guid(3a46e8ccdc2e0df45a6790e4a088f3b9) Importer(815301076,1909f56bfc062723c751e8b465ee728b)
Start importing Assets/Week12_Adapter_and_Facade/2. Facade Pattern with GameObjects/Facade Class/CoinManagerFacade.cs using Guid(3a46e8ccdc2e0df45a6790e4a088f3b9) Importer(815301076,1909f56bfc062723c751e8b465ee728b)  -> (artifact id: '283fde12560fb1b58659388d6118e28c') in 0.005296 seconds
  Import took 0.010038 seconds .

========================================================================
Received Import Request.
  Time since last request: 12.328704 seconds.
  path: Assets/Week12_Adapter_and_Facade/2. Facade Pattern with GameObjects/Subsystem Classes
  artifactKey: Guid(fcccbde5555575c4d96e92b9c0eb167a) Importer(815301076,1909f56bfc062723c751e8b465ee728b)
Start importing Assets/Week12_Adapter_and_Facade/2. Facade Pattern with GameObjects/Subsystem Classes using Guid(fcccbde5555575c4d96e92b9c0eb167a) Importer(815301076,1909f56bfc062723c751e8b465ee728b)  -> (artifact id: 'e28162d3d91205339b6ec2930a01d35b') in 0.004916 seconds
  Import took 0.008210 seconds .

========================================================================
Received Import Request.
  Time since last request: 1.908728 seconds.
  path: Assets/Week12_Adapter_and_Facade/2. Facade Pattern with GameObjects/Subsystem Classes/YouWinText.cs
  artifactKey: Guid(d063bcbad2ae99f40b6f9b56b0665545) Importer(815301076,1909f56bfc062723c751e8b465ee728b)
Start importing Assets/Week12_Adapter_and_Facade/2. Facade Pattern with GameObjects/Subsystem Classes/YouWinText.cs using Guid(d063bcbad2ae99f40b6f9b56b0665545) Importer(815301076,1909f56bfc062723c751e8b465ee728b)  -> (artifact id: 'a258736542b5aebc2d35bf0eea2ee132') in 0.004955 seconds
  Import took 0.007627 seconds .

========================================================================
Received Import Request.
  Time since last request: 4.629395 seconds.
  path: Assets/Week12_Adapter_and_Facade/2. Facade Pattern with GameObjects/Subsystem Classes/TealCoin.cs
  artifactKey: Guid(5242d461adf970a41ad322bf85d1880e) Importer(815301076,1909f56bfc062723c751e8b465ee728b)
Start importing Assets/Week12_Adapter_and_Facade/2. Facade Pattern with GameObjects/Subsystem Classes/TealCoin.cs using Guid(5242d461adf970a41ad322bf85d1880e) Importer(815301076,1909f56bfc062723c751e8b465ee728b)  -> (artifact id: '7fab61dab529a34a21dc6177393888df') in 0.006987 seconds
  Import took 0.010989 seconds .

========================================================================
Received Import Request.
  Time since last request: 0.004920 seconds.
  path: Assets/Week12_Adapter_and_Facade/2. Facade Pattern with GameObjects/Subsystem Classes/TealCoin.cs
  artifactKey: Guid(5242d461adf970a41ad322bf85d1880e) Importer(815301076,1909f56bfc062723c751e8b465ee728b)
Start importing Assets/Week12_Adapter_and_Facade/2. Facade Pattern with GameObjects/Subsystem Classes/TealCoin.cs using Guid(5242d461adf970a41ad322bf85d1880e) Importer(815301076,1909f56bfc062723c751e8b465ee728b)  -> (artifact id: '7fab61dab529a34a21dc6177393888df') in 0.005871 seconds
  Import took 0.009292 seconds .

========================================================================
Received Import Request.
  Time since last request: 6.439963 seconds.
  path: Assets/Week12_Adapter_and_Facade/2. Facade Pattern with GameObjects/Subsystem Classes/OrangeCoin.cs
  artifactKey: Guid(a597a0ef13a75664e9bb55dca87b29a8) Importer(815301076,1909f56bfc062723c751e8b465ee728b)
Start importing Assets/Week12_Adapter_and_Facade/2. Facade Pattern with GameObjects/Subsystem Classes/OrangeCoin.cs using Guid(a597a0ef13a75664e9bb55dca87b29a8) Importer(815301076,1909f56bfc062723c751e8b465ee728b)  -> (artifact id: 'a33070f3aeab6c7de9b196a1f9ae5c0c') in 0.004683 seconds
  Import took 0.007285 seconds .

========================================================================
Received Import Request.
  Time since last request: 1002.221145 seconds.
  path: Assets/Week12_Adapter_and_Facade/2. Facade Pattern with GameObjects/Prefabs/BlackCoinPickup - You can make this spin and add a particle effect to this one if you want.prefab
  artifactKey: Guid(72f6ea22e965f0d488440562aa534a26) Importer(815301076,1909f56bfc062723c751e8b465ee728b)
Start importing Assets/Week12_Adapter_and_Facade/2. Facade Pattern with GameObjects/Prefabs/BlackCoinPickup - You can make this spin and add a particle effect to this one if you want.prefab using Guid(72f6ea22e965f0d488440562aa534a26) Importer(815301076,1909f56bfc062723c751e8b465ee728b)  -> (artifact id: 'e4aeceaa4ca9e71ab6e8203f41a8bb3f') in 0.341074 seconds
  Import took 0.344044 seconds .

========================================================================
Received Import Request.
  Time since last request: 0.000483 seconds.
  path: Assets/Week12_Adapter_and_Facade/2. Facade Pattern with GameObjects/Prefabs/Fireworks.prefab
  artifactKey: Guid(b1385c6d8517c5445a341d08788bd022) Importer(815301076,1909f56bfc062723c751e8b465ee728b)
Start importing Assets/Week12_Adapter_and_Facade/2. Facade Pattern with GameObjects/Prefabs/Fireworks.prefab using Guid(b1385c6d8517c5445a341d08788bd022) Importer(815301076,1909f56bfc062723c751e8b465ee728b)  -> (artifact id: 'e86744af9c9d69b9fa1c8f099c178be5') in 0.011532 seconds
  Import took 0.014364 seconds .

========================================================================
Received Import Request.
  Time since last request: 0.000465 seconds.
  path: Assets/Week12_Adapter_and_Facade/2. Facade Pattern with GameObjects/Prefabs/Flare.prefab
  artifactKey: Guid(d17eb3a404a80394c988e82a6c1cb150) Importer(815301076,1909f56bfc062723c751e8b465ee728b)
Start importing Assets/Week12_Adapter_and_Facade/2. Facade Pattern with GameObjects/Prefabs/Flare.prefab using Guid(d17eb3a404a80394c988e82a6c1cb150) Importer(815301076,1909f56bfc062723c751e8b465ee728b)  -> (artifact id: '6c1271ca85f218eace00255a16e15bf4') in 0.008070 seconds
  Import took 0.010785 seconds .

========================================================================
Received Import Request.
  Time since last request: 0.000790 seconds.
  path: Assets/Week12_Adapter_and_Facade/2. Facade Pattern with GameObjects/Prefabs/OrangeCoinPickup.prefab
  artifactKey: Guid(8e8f49db70c123d4c877a52833d0ac6f) Importer(815301076,1909f56bfc062723c751e8b465ee728b)
Start importing Assets/Week12_Adapter_and_Facade/2. Facade Pattern with GameObjects/Prefabs/OrangeCoinPickup.prefab using Guid(8e8f49db70c123d4c877a52833d0ac6f) Importer(815301076,1909f56bfc062723c751e8b465ee728b)  -> (artifact id: '9fdcb31f52d991bb5e02d7dd3623596d') in 0.021096 seconds
  Import took 0.025212 seconds .

========================================================================
Received Import Request.
  Time since last request: 0.000587 seconds.
  path: Assets/Week12_Adapter_and_Facade/2. Facade Pattern with GameObjects/Prefabs/TealCoinPickup.prefab
  artifactKey: Guid(e8a4a2a72e7092b448c0599d5e81888c) Importer(815301076,1909f56bfc062723c751e8b465ee728b)
Start importing Assets/Week12_Adapter_and_Facade/2. Facade Pattern with GameObjects/Prefabs/TealCoinPickup.prefab using Guid(e8a4a2a72e7092b448c0599d5e81888c) Importer(815301076,1909f56bfc062723c751e8b465ee728b)  -> (artifact id: 'f922ae57b452f8076eb4744c18a974ba') in 0.017207 seconds
  Import took 0.020020 seconds .

========================================================================
Received Import Request.
  Time since last request: 0.005622 seconds.
  path: Assets/Week12_Adapter_and_Facade/2. Facade Pattern with GameObjects/Prefabs/TealCoinPickup.prefab
  artifactKey: Guid(e8a4a2a72e7092b448c0599d5e81888c) Importer(815301076,1909f56bfc062723c751e8b465ee728b)
Start importing Assets/Week12_Adapter_and_Facade/2. Facade Pattern with GameObjects/Prefabs/TealCoinPickup.prefab using Guid(e8a4a2a72e7092b448c0599d5e81888c) Importer(815301076,1909f56bfc062723c751e8b465ee728b)  -> (artifact id: 'f922ae57b452f8076eb4744c18a974ba') in 0.015348 seconds
  Import took 0.019112 seconds .

========================================================================
Received Prepare
Registering precompiled user dll's ...
Registered in 0.001044 seconds.
Begin MonoManager ReloadAssembly
Native extension for WindowsStandalone target not found
Native extension for WebGL target not found
Refreshing native plugins compatible for Editor in 0.32 ms, found 0 plugins.
Preloading 0 native plugins for Editor in 0.00 ms.
[ScriptCompilation] NOT recompiling all scripts because this is an import worker process. Reason to compile was: Define symbols changed
PlayerSettings Validation: Requested build target group (20) doesn't exist; #define symbols for scripting won't be added.
UnityEngine.StackTraceUtility:ExtractStackTrace ()
UnityEditor.PlayerSettings:SetScriptingDefineSymbolsForGroup (UnityEditor.BuildTargetGroup,string)
UnityStandardAssets.CrossPlatformInput.Inspector.CrossPlatformInitialize:SetEnabled (string,bool,bool) (at Assets/Standard Assets/Editor/CrossPlatformInput/CrossPlatformInputInitialize.cs:127)
UnityStandardAssets.CrossPlatformInput.Inspector.CrossPlatformInitialize:.cctor () (at Assets/Standard Assets/Editor/CrossPlatformInput/CrossPlatformInputInitialize.cs:22)
System.Runtime.CompilerServices.RuntimeHelpers:RunClassConstructor (System.RuntimeTypeHandle)
UnityEditor.EditorAssemblies:ProcessInitializeOnLoadAttributes (System.Type[])

[Assets/Standard Assets/Editor/CrossPlatformInput/CrossPlatformInputInitialize.cs line 127]

PlayerSettings Validation: Requested build target group (17) doesn't exist; #define symbols for scripting won't be added.
UnityEngine.StackTraceUtility:ExtractStackTrace ()
UnityEditor.PlayerSettings:SetScriptingDefineSymbolsForGroup (UnityEditor.BuildTargetGroup,string)
UnityStandardAssets.CrossPlatformInput.Inspector.CrossPlatformInitialize:SetEnabled (string,bool,bool) (at Assets/Standard Assets/Editor/CrossPlatformInput/CrossPlatformInputInitialize.cs:127)
UnityStandardAssets.CrossPlatformInput.Inspector.CrossPlatformInitialize:.cctor () (at Assets/Standard Assets/Editor/CrossPlatformInput/CrossPlatformInputInitialize.cs:22)
System.Runtime.CompilerServices.RuntimeHelpers:RunClassConstructor (System.RuntimeTypeHandle)
UnityEditor.EditorAssemblies:ProcessInitializeOnLoadAttributes (System.Type[])

[Assets/Standard Assets/Editor/CrossPlatformInput/CrossPlatformInputInitialize.cs line 127]

Invoked RoslynAnalysisRunner static constructor.
RoslynAnalysisRunner will not be running.
RoslynAnalysisRunner has terminated.
Mono: successfully reloaded assembly
- Completed reload, in  0.843 seconds
Platform modules already initialized, skipping
Refreshing native plugins compatible for Editor in 0.40 ms, found 0 plugins.
Preloading 0 native plugins for Editor in 0.00 ms.
Unloading 1157 Unused Serialized files (Serialized files now loaded: 0)
System memory in use before: 62.9 MB.
System memory in use after: 63.0 MB.

Unloading 5 unused Assets to reduce memory usage. Loaded Objects now: 1618.
Total: 1.845400 ms (FindLiveObjects: 0.157000 ms CreateObjectMapping: 0.040000 ms MarkObjects: 1.592700 ms  DeleteObjects: 0.054500 ms)

AssetImportWorkerClient::OnTransportError - code=2 error=End of file
