Using pre-set license
Built from '2020.2/staging' branch; Version is '2020.2.3f1 (8ff31bc5bf5b) revision 9433883'; Using compiler version '192528614'; Build Type 'Release'
OS: 'Windows 10 Home; OS build 19041.928; Version 2004; 64bit' Language: 'en' Physical Memory: 16269 MB
BatchMode: 1, IsHumanControllingUs: 0, StartBugReporterOnCrash: 0, Is64bit: 1, IsPro: 0

 COMMAND LINE ARGUMENTS:
C:\Program Files\Unity\Hub\Editor\2020.2.3f1\Editor\Unity.exe
-adb2
-batchMode
-noUpm
-name
AssetImportWorker0
-projectPath
C:/Users/George Tang/Desktop/Assignment 11
-logFile
Logs/AssetImportWorker0.log
-srvPort
53532
Successfully changed project path to: C:/Users/George Tang/Desktop/Assignment 11
C:/Users/George Tang/Desktop/Assignment 11
Using Asset Import Pipeline V2.
Refreshing native plugins compatible for Editor in 26.01 ms, found 0 plugins.
Preloading 0 native plugins for Editor in 0.00 ms.
Initialize engine version: 2020.2.3f1 (8ff31bc5bf5b)
[Subsystems] Discovering subsystems at path C:/Program Files/Unity/Hub/Editor/2020.2.3f1/Editor/Data/Resources/UnitySubsystems
[Subsystems] Discovering subsystems at path C:/Users/George Tang/Desktop/Assignment 11/Assets
GfxDevice: creating device client; threaded=0
Direct3D:
    Version:  Direct3D 11.0 [level 11.1]
    Renderer: NVIDIA GeForce GTX 1070 (ID=0x1ba1)
    Vendor:   
    VRAM:     8081 MB
    Driver:   27.21.14.6140
Initialize mono
Mono path[0] = 'C:/Program Files/Unity/Hub/Editor/2020.2.3f1/Editor/Data/Managed'
Mono path[1] = 'C:/Program Files/Unity/Hub/Editor/2020.2.3f1/Editor/Data/MonoBleedingEdge/lib/mono/unityjit'
Mono config path = 'C:/Program Files/Unity/Hub/Editor/2020.2.3f1/Editor/Data/MonoBleedingEdge/etc'
Using monoOptions --debugger-agent=transport=dt_socket,embedding=1,server=y,suspend=n,address=127.0.0.1:56356
Begin MonoManager ReloadAssembly
Registering precompiled unity dll's ...
Register platform support module: C:/Program Files/Unity/Hub/Editor/2020.2.3f1/Editor/Data/PlaybackEngines/WebGLSupport/UnityEditor.WebGL.Extensions.dll
Register platform support module: C:/Program Files/Unity/Hub/Editor/2020.2.3f1/Editor/Data/PlaybackEngines/WindowsStandaloneSupport/UnityEditor.WindowsStandalone.Extensions.dll
Registered in 0.002791 seconds.
Native extension for WindowsStandalone target not found
Native extension for WebGL target not found
Refreshing native plugins compatible for Editor in 23.85 ms, found 0 plugins.
Preloading 0 native plugins for Editor in 0.00 ms.
Invoked RoslynAnalysisRunner static constructor.
RoslynAnalysisRunner will not be running.
RoslynAnalysisRunner has terminated.
Mono: successfully reloaded assembly
- Completed reload, in  1.222 seconds
Platform modules already initialized, skipping
Registering precompiled user dll's ...
Registered in 0.000816 seconds.
Begin MonoManager ReloadAssembly
Native extension for WindowsStandalone target not found
Native extension for WebGL target not found
Refreshing native plugins compatible for Editor in 0.21 ms, found 0 plugins.
Preloading 0 native plugins for Editor in 0.00 ms.
Invoked RoslynAnalysisRunner static constructor.
RoslynAnalysisRunner will not be running.
RoslynAnalysisRunner has terminated.
Mono: successfully reloaded assembly
- Completed reload, in  0.863 seconds
Platform modules already initialized, skipping
========================================================================
Worker process is ready to serve import requests
Launched and connected shader compiler UnityShaderCompiler.exe after 0.05 seconds
Refreshing native plugins compatible for Editor in 0.33 ms, found 0 plugins.
Preloading 0 native plugins for Editor in 0.00 ms.
Unloading 1148 Unused Serialized files (Serialized files now loaded: 0)
System memory in use before: 58.6 MB.
System memory in use after: 58.6 MB.

Unloading 10 unused Assets to reduce memory usage. Loaded Objects now: 1593.
Total: 6.206300 ms (FindLiveObjects: 0.351500 ms CreateObjectMapping: 0.115900 ms MarkObjects: 5.266400 ms  DeleteObjects: 0.467400 ms)

========================================================================
Received Import Request.
  path: Assets/Scenes/SampleScene.unity
  artifactKey: Guid(9fc0d4010bbf28b4594072e72b8655ab) Importer(815301076,1909f56bfc062723c751e8b465ee728b)
Start importing Assets/Scenes/SampleScene.unity using Guid(9fc0d4010bbf28b4594072e72b8655ab) Importer(815301076,1909f56bfc062723c751e8b465ee728b)  -> (artifact id: 'a0ba9fd0a808516969c642a6079d4ee5') in 0.015469 seconds
  Import took 0.017992 seconds .

========================================================================
Received Import Request.
  Time since last request: 4.912083 seconds.
  path: Assets/Sounds/CoinPickup.wav
  artifactKey: Guid(6e726532c6d44da4bba533377fd6b3a6) Importer(815301076,1909f56bfc062723c751e8b465ee728b)
Start importing Assets/Sounds/CoinPickup.wav using Guid(6e726532c6d44da4bba533377fd6b3a6) Importer(815301076,1909f56bfc062723c751e8b465ee728b)  -> (artifact id: 'a0dd96fbc9ca22f985a24f9b0f1ceb5b') in 0.114013 seconds
  Import took 0.116474 seconds .

========================================================================
Received Import Request.
  Time since last request: 0.000501 seconds.
  path: Assets/Sounds/CoinPickup2.wav
  artifactKey: Guid(c5936c3e23781e54988d4cd61bae867d) Importer(815301076,1909f56bfc062723c751e8b465ee728b)
Start importing Assets/Sounds/CoinPickup2.wav using Guid(c5936c3e23781e54988d4cd61bae867d) Importer(815301076,1909f56bfc062723c751e8b465ee728b)  -> (artifact id: 'c477e79f5951f54730c85e5965bd4709') in 0.013211 seconds
  Import took 0.015868 seconds .

========================================================================
Received Import Request.
  Time since last request: 8.038574 seconds.
  path: Assets/Standard Assets/CrossPlatformInput
  artifactKey: Guid(710bc43f80d178548bd226c252c8e65b) Importer(815301076,1909f56bfc062723c751e8b465ee728b)
Start importing Assets/Standard Assets/CrossPlatformInput using Guid(710bc43f80d178548bd226c252c8e65b) Importer(815301076,1909f56bfc062723c751e8b465ee728b)  -> (artifact id: 'b881213e827456c2351879c8cc53577b') in 0.012144 seconds
  Import took 0.015902 seconds .

========================================================================
Received Import Request.
  Time since last request: 1.675449 seconds.
  path: Assets/Standard Assets/CrossPlatformInput/Scripts
  artifactKey: Guid(3f66eeca8ac36914e9ec9a716a9d9f73) Importer(815301076,1909f56bfc062723c751e8b465ee728b)
Start importing Assets/Standard Assets/CrossPlatformInput/Scripts using Guid(3f66eeca8ac36914e9ec9a716a9d9f73) Importer(815301076,1909f56bfc062723c751e8b465ee728b)  -> (artifact id: '25e20b3d2e62d457048984ff50b38589') in 0.007899 seconds
  Import took 0.011840 seconds .

========================================================================
Received Prepare
Registering precompiled user dll's ...
Registered in 0.000906 seconds.
Begin MonoManager ReloadAssembly
Native extension for WindowsStandalone target not found
Native extension for WebGL target not found
Refreshing native plugins compatible for Editor in 0.31 ms, found 0 plugins.
Preloading 0 native plugins for Editor in 0.00 ms.
Invoked RoslynAnalysisRunner static constructor.
RoslynAnalysisRunner will not be running.
RoslynAnalysisRunner has terminated.
Mono: successfully reloaded assembly
- Completed reload, in  0.909 seconds
Platform modules already initialized, skipping
Refreshing native plugins compatible for Editor in 0.20 ms, found 0 plugins.
Preloading 0 native plugins for Editor in 0.00 ms.
Unloading 1094 Unused Serialized files (Serialized files now loaded: 0)
System memory in use before: 60.5 MB.
System memory in use after: 60.6 MB.

Unloading 50 unused Assets to reduce memory usage. Loaded Objects now: 1559.
Total: 1.970100 ms (FindLiveObjects: 0.246400 ms CreateObjectMapping: 0.040700 ms MarkObjects: 1.555700 ms  DeleteObjects: 0.126500 ms)

========================================================================
Received Import Request.
  Time since last request: 160.025053 seconds.
  path: Assets
  artifactKey: Guid(00000000000000001000000000000000) Importer(815301076,1909f56bfc062723c751e8b465ee728b)
Start importing Assets using Guid(00000000000000001000000000000000) Importer(815301076,1909f56bfc062723c751e8b465ee728b)  -> (artifact id: '653ce283d384579a24208b2e4d727c2a') in 0.011726 seconds
  Import took 0.015567 seconds .

========================================================================
Received Import Request.
  Time since last request: 6.379607 seconds.
  path: Assets/Scripts
  artifactKey: Guid(7bca8f017c2b253498bfbd9a8a131b1b) Importer(815301076,1909f56bfc062723c751e8b465ee728b)
Start importing Assets/Scripts using Guid(7bca8f017c2b253498bfbd9a8a131b1b) Importer(815301076,1909f56bfc062723c751e8b465ee728b)  -> (artifact id: '30ffd18307cdda25455566d0ced2cbc8') in 0.005513 seconds
  Import took 0.009657 seconds .

========================================================================
Received Import Request.
  Time since last request: 32.121852 seconds.
  path: Assets/RedSquareMat.mat
  artifactKey: Guid(0cd248b362f90b540b1be86ff222dcba) Importer(815301076,1909f56bfc062723c751e8b465ee728b)
Start importing Assets/RedSquareMat.mat using Guid(0cd248b362f90b540b1be86ff222dcba) Importer(815301076,1909f56bfc062723c751e8b465ee728b)  -> (artifact id: 'c7b23da6eee0732597d2f492665ccc42') in 0.094259 seconds
  Import took 0.097176 seconds .

========================================================================
Received Import Request.
  Time since last request: 216.675855 seconds.
  path: Assets/Material
  artifactKey: Guid(793c0b4d90446e648bd95e98f3a4fccd) Importer(815301076,1909f56bfc062723c751e8b465ee728b)
Start importing Assets/Material using Guid(793c0b4d90446e648bd95e98f3a4fccd) Importer(815301076,1909f56bfc062723c751e8b465ee728b)  -> (artifact id: '2db76df4d09d80c1f6bb9578e1c5847c') in 0.007097 seconds
  Import took 0.009825 seconds .

========================================================================
Received Import Request.
  Time since last request: 0.002727 seconds.
  path: Assets/Material
  artifactKey: Guid(793c0b4d90446e648bd95e98f3a4fccd) Importer(815301076,1909f56bfc062723c751e8b465ee728b)
Start importing Assets/Material using Guid(793c0b4d90446e648bd95e98f3a4fccd) Importer(815301076,1909f56bfc062723c751e8b465ee728b)  -> (artifact id: '2db76df4d09d80c1f6bb9578e1c5847c') in 0.005560 seconds
  Import took 0.009992 seconds .

========================================================================
Received Import Request.
  Time since last request: 19.318678 seconds.
  path: Assets/Material/PlaneMaterial.mat
  artifactKey: Guid(d9855c549f59be24e869fbadc6cdef5c) Importer(815301076,1909f56bfc062723c751e8b465ee728b)
Start importing Assets/Material/PlaneMaterial.mat using Guid(d9855c549f59be24e869fbadc6cdef5c) Importer(815301076,1909f56bfc062723c751e8b465ee728b)  -> (artifact id: 'ff75cb361bcccdf0838ce8268759b99a') in 0.017364 seconds
  Import took 0.020713 seconds .

========================================================================
Received Import Request.
  Time since last request: 69.679600 seconds.
  path: Assets/Material/PlaneMaterial.mat
  artifactKey: Guid(d9855c549f59be24e869fbadc6cdef5c) Importer(815301076,1909f56bfc062723c751e8b465ee728b)
Start importing Assets/Material/PlaneMaterial.mat using Guid(d9855c549f59be24e869fbadc6cdef5c) Importer(815301076,1909f56bfc062723c751e8b465ee728b)  -> (artifact id: '30f1bf82c3d20183de9ef31df806bbcd') in 0.016834 seconds
  Import took 0.020767 seconds .

========================================================================
Received Import Request.
  Time since last request: 0.000637 seconds.
  path: Assets/Material/RedSquareMat.mat
  artifactKey: Guid(0cd248b362f90b540b1be86ff222dcba) Importer(815301076,1909f56bfc062723c751e8b465ee728b)
Start importing Assets/Material/RedSquareMat.mat using Guid(0cd248b362f90b540b1be86ff222dcba) Importer(815301076,1909f56bfc062723c751e8b465ee728b)  -> (artifact id: 'fd2086f265a42fb6e08de283cf5c4383') in 0.015154 seconds
  Import took 0.018229 seconds .

========================================================================
Received Import Request.
  Time since last request: 78.822846 seconds.
  path: Assets/Scripts/TextTracker.cs
  artifactKey: Guid(99520f109b0d60e4294518fccf62f240) Importer(815301076,1909f56bfc062723c751e8b465ee728b)
Start importing Assets/Scripts/TextTracker.cs using Guid(99520f109b0d60e4294518fccf62f240) Importer(815301076,1909f56bfc062723c751e8b465ee728b)  -> (artifact id: '777b2c9da482cb7efa02ed0502f9211e') in 0.012139 seconds
  Import took 0.015530 seconds .

========================================================================
Received Import Request.
  Time since last request: 0.001720 seconds.
  path: Assets/Scripts/TextTracker.cs
  artifactKey: Guid(99520f109b0d60e4294518fccf62f240) Importer(815301076,1909f56bfc062723c751e8b465ee728b)
Start importing Assets/Scripts/TextTracker.cs using Guid(99520f109b0d60e4294518fccf62f240) Importer(815301076,1909f56bfc062723c751e8b465ee728b)  -> (artifact id: '777b2c9da482cb7efa02ed0502f9211e') in 0.005351 seconds
  Import took 0.007976 seconds .

========================================================================
Received Prepare
Registering precompiled user dll's ...
Registered in 0.000816 seconds.
Begin MonoManager ReloadAssembly
Native extension for WindowsStandalone target not found
Native extension for WebGL target not found
Refreshing native plugins compatible for Editor in 0.21 ms, found 0 plugins.
Preloading 0 native plugins for Editor in 0.00 ms.
Invoked RoslynAnalysisRunner static constructor.
RoslynAnalysisRunner will not be running.
RoslynAnalysisRunner has terminated.
Mono: successfully reloaded assembly
- Completed reload, in  0.964 seconds
Platform modules already initialized, skipping
Refreshing native plugins compatible for Editor in 0.22 ms, found 0 plugins.
Preloading 0 native plugins for Editor in 0.00 ms.
Unloading 1095 Unused Serialized files (Serialized files now loaded: 0)
System memory in use before: 60.7 MB.
System memory in use after: 60.7 MB.

Unloading 5 unused Assets to reduce memory usage. Loaded Objects now: 1596.
Total: 1.639000 ms (FindLiveObjects: 0.119500 ms CreateObjectMapping: 0.031800 ms MarkObjects: 1.395700 ms  DeleteObjects: 0.091000 ms)

========================================================================
Received Import Request.
  Time since last request: 32.649309 seconds.
  path: Assets/Scripts/GameManager.cs
  artifactKey: Guid(29fec57e905344f4fa8adfc5166ecf97) Importer(815301076,1909f56bfc062723c751e8b465ee728b)
Start importing Assets/Scripts/GameManager.cs using Guid(29fec57e905344f4fa8adfc5166ecf97) Importer(815301076,1909f56bfc062723c751e8b465ee728b)  -> (artifact id: '2be9f210ed577a2962a9fb640c1a89b0') in 0.008920 seconds
  Import took 0.012303 seconds .

========================================================================
Received Import Request.
  Time since last request: 0.002621 seconds.
  path: Assets/Scripts/GameManager.cs
  artifactKey: Guid(29fec57e905344f4fa8adfc5166ecf97) Importer(815301076,1909f56bfc062723c751e8b465ee728b)
Start importing Assets/Scripts/GameManager.cs using Guid(29fec57e905344f4fa8adfc5166ecf97) Importer(815301076,1909f56bfc062723c751e8b465ee728b)  -> (artifact id: '2be9f210ed577a2962a9fb640c1a89b0') in 0.004140 seconds
  Import took 0.008419 seconds .

========================================================================
Received Prepare
Registering precompiled user dll's ...
Registered in 0.000824 seconds.
Begin MonoManager ReloadAssembly
Native extension for WindowsStandalone target not found
Native extension for WebGL target not found
Refreshing native plugins compatible for Editor in 0.41 ms, found 0 plugins.
Preloading 0 native plugins for Editor in 0.00 ms.
Invoked RoslynAnalysisRunner static constructor.
RoslynAnalysisRunner will not be running.
RoslynAnalysisRunner has terminated.
Mono: successfully reloaded assembly
- Completed reload, in  0.875 seconds
Platform modules already initialized, skipping
Refreshing native plugins compatible for Editor in 0.22 ms, found 0 plugins.
Preloading 0 native plugins for Editor in 0.00 ms.
Unloading 1096 Unused Serialized files (Serialized files now loaded: 0)
System memory in use before: 60.7 MB.
System memory in use after: 60.8 MB.

Unloading 5 unused Assets to reduce memory usage. Loaded Objects now: 1599.
Total: 1.826700 ms (FindLiveObjects: 0.172600 ms CreateObjectMapping: 0.039200 ms MarkObjects: 1.564000 ms  DeleteObjects: 0.049900 ms)

========================================================================
Received Import Request.
  Time since last request: 18.467372 seconds.
  path: Assets/Scripts/MovementZoomManager.cs
  artifactKey: Guid(29fec57e905344f4fa8adfc5166ecf97) Importer(815301076,1909f56bfc062723c751e8b465ee728b)
Start importing Assets/Scripts/MovementZoomManager.cs using Guid(29fec57e905344f4fa8adfc5166ecf97) Importer(815301076,1909f56bfc062723c751e8b465ee728b)  -> (artifact id: 'ace323ff1256ffcca81ea44ea8d096b1') in 0.008268 seconds
  Import took 0.011440 seconds .

========================================================================
Received Import Request.
  Time since last request: 0.002086 seconds.
  path: Assets/Scripts/MovementZoomManager.cs
  artifactKey: Guid(29fec57e905344f4fa8adfc5166ecf97) Importer(815301076,1909f56bfc062723c751e8b465ee728b)
Start importing Assets/Scripts/MovementZoomManager.cs using Guid(29fec57e905344f4fa8adfc5166ecf97) Importer(815301076,1909f56bfc062723c751e8b465ee728b)  -> (artifact id: 'ace323ff1256ffcca81ea44ea8d096b1') in 0.005623 seconds
  Import took 0.009732 seconds .

========================================================================
Received Prepare
Registering precompiled user dll's ...
Registered in 0.000931 seconds.
Begin MonoManager ReloadAssembly
Native extension for WindowsStandalone target not found
Native extension for WebGL target not found
Refreshing native plugins compatible for Editor in 0.19 ms, found 0 plugins.
Preloading 0 native plugins for Editor in 0.00 ms.
Invoked RoslynAnalysisRunner static constructor.
RoslynAnalysisRunner will not be running.
RoslynAnalysisRunner has terminated.
Mono: successfully reloaded assembly
- Completed reload, in  0.919 seconds
Platform modules already initialized, skipping
Refreshing native plugins compatible for Editor in 0.21 ms, found 0 plugins.
Preloading 0 native plugins for Editor in 0.00 ms.
Unloading 1096 Unused Serialized files (Serialized files now loaded: 0)
System memory in use before: 60.7 MB.
System memory in use after: 60.8 MB.

Unloading 5 unused Assets to reduce memory usage. Loaded Objects now: 1601.
Total: 1.905200 ms (FindLiveObjects: 0.283500 ms CreateObjectMapping: 0.050200 ms MarkObjects: 1.473600 ms  DeleteObjects: 0.096500 ms)

========================================================================
Received Import Request.
  Time since last request: 435.237403 seconds.
  path: Assets/Scripts/WaldoBig.cs
  artifactKey: Guid(b5769dca0e2d14b44a3b8253eeeb7fd0) Importer(815301076,1909f56bfc062723c751e8b465ee728b)
Start importing Assets/Scripts/WaldoBig.cs using Guid(b5769dca0e2d14b44a3b8253eeeb7fd0) Importer(815301076,1909f56bfc062723c751e8b465ee728b)  -> (artifact id: '0501fcf202ae22db1c9d7fdfc67f1cf1') in 0.010811 seconds
  Import took 0.015495 seconds .

========================================================================
Received Import Request.
  Time since last request: 0.001903 seconds.
  path: Assets/Scripts/WaldoBig.cs
  artifactKey: Guid(b5769dca0e2d14b44a3b8253eeeb7fd0) Importer(815301076,1909f56bfc062723c751e8b465ee728b)
Start importing Assets/Scripts/WaldoBig.cs using Guid(b5769dca0e2d14b44a3b8253eeeb7fd0) Importer(815301076,1909f56bfc062723c751e8b465ee728b)  -> (artifact id: '0501fcf202ae22db1c9d7fdfc67f1cf1') in 0.006337 seconds
  Import took 0.009342 seconds .

========================================================================
Received Prepare
Registering precompiled user dll's ...
Registered in 0.000835 seconds.
Begin MonoManager ReloadAssembly
Native extension for WindowsStandalone target not found
Native extension for WebGL target not found
Refreshing native plugins compatible for Editor in 0.20 ms, found 0 plugins.
Preloading 0 native plugins for Editor in 0.00 ms.
Invoked RoslynAnalysisRunner static constructor.
RoslynAnalysisRunner will not be running.
RoslynAnalysisRunner has terminated.
Mono: successfully reloaded assembly
- Completed reload, in  0.888 seconds
Platform modules already initialized, skipping
Refreshing native plugins compatible for Editor in 0.21 ms, found 0 plugins.
Preloading 0 native plugins for Editor in 0.00 ms.
Unloading 1097 Unused Serialized files (Serialized files now loaded: 0)
System memory in use before: 60.7 MB.
System memory in use after: 60.8 MB.

Unloading 5 unused Assets to reduce memory usage. Loaded Objects now: 1604.
Total: 2.000800 ms (FindLiveObjects: 0.167800 ms CreateObjectMapping: 0.044700 ms MarkObjects: 1.722800 ms  DeleteObjects: 0.064700 ms)

========================================================================
Received Prepare
Registering precompiled user dll's ...
Registered in 0.001150 seconds.
Begin MonoManager ReloadAssembly
Native extension for WindowsStandalone target not found
Native extension for WebGL target not found
Refreshing native plugins compatible for Editor in 0.33 ms, found 0 plugins.
Preloading 0 native plugins for Editor in 0.00 ms.
Invoked RoslynAnalysisRunner static constructor.
RoslynAnalysisRunner will not be running.
RoslynAnalysisRunner has terminated.
Mono: successfully reloaded assembly
- Completed reload, in  1.161 seconds
Platform modules already initialized, skipping
Refreshing native plugins compatible for Editor in 0.22 ms, found 0 plugins.
Preloading 0 native plugins for Editor in 0.00 ms.
Unloading 1097 Unused Serialized files (Serialized files now loaded: 0)
System memory in use before: 60.7 MB.
System memory in use after: 60.8 MB.

Unloading 5 unused Assets to reduce memory usage. Loaded Objects now: 1606.
Total: 1.971700 ms (FindLiveObjects: 0.184000 ms CreateObjectMapping: 0.037800 ms MarkObjects: 1.659600 ms  DeleteObjects: 0.089400 ms)

========================================================================
Received Import Request.
  Time since last request: 312.474775 seconds.
  path: Assets/Scripts/WaldoSize.cs
  artifactKey: Guid(b5769dca0e2d14b44a3b8253eeeb7fd0) Importer(815301076,1909f56bfc062723c751e8b465ee728b)
Start importing Assets/Scripts/WaldoSize.cs using Guid(b5769dca0e2d14b44a3b8253eeeb7fd0) Importer(815301076,1909f56bfc062723c751e8b465ee728b)  -> (artifact id: 'c05359185841a2538fd885817e286bc0') in 0.007364 seconds
  Import took 0.009532 seconds .

========================================================================
Received Import Request.
  Time since last request: 68.930980 seconds.
  path: Assets/Scripts/FacadeManager.cs
  artifactKey: Guid(29fec57e905344f4fa8adfc5166ecf97) Importer(815301076,1909f56bfc062723c751e8b465ee728b)
Start importing Assets/Scripts/FacadeManager.cs using Guid(29fec57e905344f4fa8adfc5166ecf97) Importer(815301076,1909f56bfc062723c751e8b465ee728b)  -> (artifact id: '93c1286ac44752774f8c113184638910') in 0.007499 seconds
  Import took 0.010544 seconds .

========================================================================
Received Prepare
Registering precompiled user dll's ...
Registered in 0.000768 seconds.
Begin MonoManager ReloadAssembly
Native extension for WindowsStandalone target not found
Native extension for WebGL target not found
Refreshing native plugins compatible for Editor in 0.19 ms, found 0 plugins.
Preloading 0 native plugins for Editor in 0.00 ms.
Invoked RoslynAnalysisRunner static constructor.
RoslynAnalysisRunner will not be running.
RoslynAnalysisRunner has terminated.
Mono: successfully reloaded assembly
- Completed reload, in  0.911 seconds
Platform modules already initialized, skipping
Refreshing native plugins compatible for Editor in 0.26 ms, found 0 plugins.
Preloading 0 native plugins for Editor in 0.00 ms.
Unloading 1097 Unused Serialized files (Serialized files now loaded: 0)
System memory in use before: 60.7 MB.
System memory in use after: 60.8 MB.

Unloading 5 unused Assets to reduce memory usage. Loaded Objects now: 1608.
Total: 2.332300 ms (FindLiveObjects: 0.186600 ms CreateObjectMapping: 0.090500 ms MarkObjects: 1.958400 ms  DeleteObjects: 0.095500 ms)

========================================================================
Received Prepare
Registering precompiled user dll's ...
Registered in 0.000803 seconds.
Begin MonoManager ReloadAssembly
Native extension for WindowsStandalone target not found
Native extension for WebGL target not found
Refreshing native plugins compatible for Editor in 0.21 ms, found 0 plugins.
Preloading 0 native plugins for Editor in 0.00 ms.
Invoked RoslynAnalysisRunner static constructor.
RoslynAnalysisRunner will not be running.
RoslynAnalysisRunner has terminated.
Mono: successfully reloaded assembly
- Completed reload, in  0.944 seconds
Platform modules already initialized, skipping
Refreshing native plugins compatible for Editor in 0.21 ms, found 0 plugins.
Preloading 0 native plugins for Editor in 0.00 ms.
Unloading 1097 Unused Serialized files (Serialized files now loaded: 0)
System memory in use before: 60.8 MB.
System memory in use after: 60.8 MB.

Unloading 5 unused Assets to reduce memory usage. Loaded Objects now: 1610.
Total: 1.697800 ms (FindLiveObjects: 0.140800 ms CreateObjectMapping: 0.030400 ms MarkObjects: 1.419200 ms  DeleteObjects: 0.106600 ms)

========================================================================
Received Import Request.
  Time since last request: 346.286150 seconds.
  path: Assets/Scripts/FacadeManager.cs
  artifactKey: Guid(29fec57e905344f4fa8adfc5166ecf97) Importer(815301076,1909f56bfc062723c751e8b465ee728b)
Start importing Assets/Scripts/FacadeManager.cs using Guid(29fec57e905344f4fa8adfc5166ecf97) Importer(815301076,1909f56bfc062723c751e8b465ee728b)  -> (artifact id: '834780c96d9ae0488794298a1c9a4bc5') in 0.005924 seconds
  Import took 0.008139 seconds .

========================================================================
Received Prepare
Registering precompiled user dll's ...
Registered in 0.000881 seconds.
Begin MonoManager ReloadAssembly
Native extension for WindowsStandalone target not found
Native extension for WebGL target not found
Refreshing native plugins compatible for Editor in 0.20 ms, found 0 plugins.
Preloading 0 native plugins for Editor in 0.00 ms.
Invoked RoslynAnalysisRunner static constructor.
RoslynAnalysisRunner will not be running.
RoslynAnalysisRunner has terminated.
Mono: successfully reloaded assembly
- Completed reload, in  0.919 seconds
Platform modules already initialized, skipping
Refreshing native plugins compatible for Editor in 0.25 ms, found 0 plugins.
Preloading 0 native plugins for Editor in 0.00 ms.
Unloading 1097 Unused Serialized files (Serialized files now loaded: 0)
System memory in use before: 60.8 MB.
System memory in use after: 60.8 MB.

Unloading 5 unused Assets to reduce memory usage. Loaded Objects now: 1612.
Total: 2.010800 ms (FindLiveObjects: 0.268500 ms CreateObjectMapping: 0.072900 ms MarkObjects: 1.609000 ms  DeleteObjects: 0.059200 ms)

========================================================================
Received Import Request.
  Time since last request: 718.847282 seconds.
  path: Assets/Scripts/TextTracker.cs
  artifactKey: Guid(99520f109b0d60e4294518fccf62f240) Importer(815301076,1909f56bfc062723c751e8b465ee728b)
Start importing Assets/Scripts/TextTracker.cs using Guid(99520f109b0d60e4294518fccf62f240) Importer(815301076,1909f56bfc062723c751e8b465ee728b)  -> (artifact id: 'bb22177e7d359a0a1b5937a7ba3d753c') in 0.005448 seconds
  Import took 0.007692 seconds .

========================================================================
Received Prepare
Registering precompiled user dll's ...
Registered in 0.000962 seconds.
Begin MonoManager ReloadAssembly
Native extension for WindowsStandalone target not found
Native extension for WebGL target not found
Refreshing native plugins compatible for Editor in 0.39 ms, found 0 plugins.
Preloading 0 native plugins for Editor in 0.00 ms.
Invoked RoslynAnalysisRunner static constructor.
RoslynAnalysisRunner will not be running.
RoslynAnalysisRunner has terminated.
Mono: successfully reloaded assembly
- Completed reload, in  0.931 seconds
Platform modules already initialized, skipping
Refreshing native plugins compatible for Editor in 0.21 ms, found 0 plugins.
Preloading 0 native plugins for Editor in 0.00 ms.
Unloading 1097 Unused Serialized files (Serialized files now loaded: 0)
System memory in use before: 60.8 MB.
System memory in use after: 60.8 MB.

Unloading 5 unused Assets to reduce memory usage. Loaded Objects now: 1614.
Total: 2.931100 ms (FindLiveObjects: 0.185000 ms CreateObjectMapping: 0.067900 ms MarkObjects: 2.532400 ms  DeleteObjects: 0.143800 ms)

========================================================================
Received Prepare
Registering precompiled user dll's ...
Registered in 0.001178 seconds.
Begin MonoManager ReloadAssembly
Native extension for WindowsStandalone target not found
Native extension for WebGL target not found
Refreshing native plugins compatible for Editor in 0.29 ms, found 0 plugins.
Preloading 0 native plugins for Editor in 0.00 ms.
Invoked RoslynAnalysisRunner static constructor.
RoslynAnalysisRunner will not be running.
RoslynAnalysisRunner has terminated.
Mono: successfully reloaded assembly
- Completed reload, in  0.865 seconds
Platform modules already initialized, skipping
Refreshing native plugins compatible for Editor in 0.23 ms, found 0 plugins.
Preloading 0 native plugins for Editor in 0.00 ms.
Unloading 1097 Unused Serialized files (Serialized files now loaded: 0)
System memory in use before: 60.8 MB.
System memory in use after: 60.9 MB.

Unloading 5 unused Assets to reduce memory usage. Loaded Objects now: 1616.
Total: 2.072100 ms (FindLiveObjects: 0.239400 ms CreateObjectMapping: 0.052200 ms MarkObjects: 1.664100 ms  DeleteObjects: 0.115100 ms)

========================================================================
Received Import Request.
  Time since last request: 222.767309 seconds.
  path: Assets/Scripts/WaldoSize.cs
  artifactKey: Guid(b5769dca0e2d14b44a3b8253eeeb7fd0) Importer(815301076,1909f56bfc062723c751e8b465ee728b)
Start importing Assets/Scripts/WaldoSize.cs using Guid(b5769dca0e2d14b44a3b8253eeeb7fd0) Importer(815301076,1909f56bfc062723c751e8b465ee728b)  -> (artifact id: 'd1028c4c021cb439f312faa2d8235f19') in 0.006060 seconds
  Import took 0.008443 seconds .

========================================================================
Received Import Request.
  Time since last request: 0.003012 seconds.
  path: Assets/Scripts/WaldoSize.cs
  artifactKey: Guid(b5769dca0e2d14b44a3b8253eeeb7fd0) Importer(815301076,1909f56bfc062723c751e8b465ee728b)
Start importing Assets/Scripts/WaldoSize.cs using Guid(b5769dca0e2d14b44a3b8253eeeb7fd0) Importer(815301076,1909f56bfc062723c751e8b465ee728b)  -> (artifact id: 'd1028c4c021cb439f312faa2d8235f19') in 0.005363 seconds
  Import took 0.007760 seconds .

========================================================================
Received Prepare
Registering precompiled user dll's ...
Registered in 0.000913 seconds.
Begin MonoManager ReloadAssembly
Native extension for WindowsStandalone target not found
Native extension for WebGL target not found
Refreshing native plugins compatible for Editor in 0.19 ms, found 0 plugins.
Preloading 0 native plugins for Editor in 0.00 ms.
Invoked RoslynAnalysisRunner static constructor.
RoslynAnalysisRunner will not be running.
RoslynAnalysisRunner has terminated.
Mono: successfully reloaded assembly
- Completed reload, in  0.892 seconds
Platform modules already initialized, skipping
Refreshing native plugins compatible for Editor in 0.23 ms, found 0 plugins.
Preloading 0 native plugins for Editor in 0.00 ms.
Unloading 1097 Unused Serialized files (Serialized files now loaded: 0)
System memory in use before: 60.8 MB.
System memory in use after: 60.9 MB.

Unloading 5 unused Assets to reduce memory usage. Loaded Objects now: 1618.
Total: 2.014700 ms (FindLiveObjects: 0.165200 ms CreateObjectMapping: 0.042900 ms MarkObjects: 1.704200 ms  DeleteObjects: 0.100900 ms)

========================================================================
Received Import Request.
  Time since last request: 210.378762 seconds.
  path: Assets/Scripts/WaldoSize.cs
  artifactKey: Guid(b5769dca0e2d14b44a3b8253eeeb7fd0) Importer(815301076,1909f56bfc062723c751e8b465ee728b)
Start importing Assets/Scripts/WaldoSize.cs using Guid(b5769dca0e2d14b44a3b8253eeeb7fd0) Importer(815301076,1909f56bfc062723c751e8b465ee728b)  -> (artifact id: 'ff5dd682ea0c3534d1a396307505e559') in 0.005372 seconds
  Import took 0.007501 seconds .

========================================================================
Received Prepare
Registering precompiled user dll's ...
Registered in 0.000915 seconds.
Begin MonoManager ReloadAssembly
Native extension for WindowsStandalone target not found
Native extension for WebGL target not found
Refreshing native plugins compatible for Editor in 0.24 ms, found 0 plugins.
Preloading 0 native plugins for Editor in 0.00 ms.
Invoked RoslynAnalysisRunner static constructor.
RoslynAnalysisRunner will not be running.
RoslynAnalysisRunner has terminated.
Mono: successfully reloaded assembly
- Completed reload, in  1.076 seconds
Platform modules already initialized, skipping
Refreshing native plugins compatible for Editor in 0.36 ms, found 0 plugins.
Preloading 0 native plugins for Editor in 0.00 ms.
Unloading 1098 Unused Serialized files (Serialized files now loaded: 0)
System memory in use before: 60.8 MB.
System memory in use after: 60.9 MB.

Unloading 5 unused Assets to reduce memory usage. Loaded Objects now: 1621.
Total: 2.305600 ms (FindLiveObjects: 0.376700 ms CreateObjectMapping: 0.052700 ms MarkObjects: 1.815300 ms  DeleteObjects: 0.058800 ms)

========================================================================
Received Import Request.
  Time since last request: 82.569638 seconds.
  path: Assets/Scripts/WaldoJrSize.cs
  artifactKey: Guid(08b34e5937ec5c64f90b4536efde8e41) Importer(815301076,1909f56bfc062723c751e8b465ee728b)
Start importing Assets/Scripts/WaldoJrSize.cs using Guid(08b34e5937ec5c64f90b4536efde8e41) Importer(815301076,1909f56bfc062723c751e8b465ee728b)  -> (artifact id: '3d5967868eb1e3236b868ace48a43384') in 0.007804 seconds
  Import took 0.011330 seconds .

========================================================================
Received Prepare
Registering precompiled user dll's ...
Registered in 0.000841 seconds.
Begin MonoManager ReloadAssembly
Native extension for WindowsStandalone target not found
Native extension for WebGL target not found
Refreshing native plugins compatible for Editor in 0.20 ms, found 0 plugins.
Preloading 0 native plugins for Editor in 0.00 ms.
Invoked RoslynAnalysisRunner static constructor.
RoslynAnalysisRunner will not be running.
RoslynAnalysisRunner has terminated.
Mono: successfully reloaded assembly
- Completed reload, in  0.894 seconds
Platform modules already initialized, skipping
Refreshing native plugins compatible for Editor in 0.23 ms, found 0 plugins.
Preloading 0 native plugins for Editor in 0.00 ms.
Unloading 1098 Unused Serialized files (Serialized files now loaded: 0)
System memory in use before: 60.9 MB.
System memory in use after: 60.9 MB.

Unloading 5 unused Assets to reduce memory usage. Loaded Objects now: 1623.
Total: 2.062200 ms (FindLiveObjects: 0.275000 ms CreateObjectMapping: 0.046800 ms MarkObjects: 1.670300 ms  DeleteObjects: 0.068700 ms)

========================================================================
Received Prepare
Registering precompiled user dll's ...
Registered in 0.000784 seconds.
Begin MonoManager ReloadAssembly
Native extension for WindowsStandalone target not found
Native extension for WebGL target not found
Refreshing native plugins compatible for Editor in 0.19 ms, found 0 plugins.
Preloading 0 native plugins for Editor in 0.00 ms.
Invoked RoslynAnalysisRunner static constructor.
RoslynAnalysisRunner will not be running.
RoslynAnalysisRunner has terminated.
Mono: successfully reloaded assembly
- Completed reload, in  0.871 seconds
Platform modules already initialized, skipping
Refreshing native plugins compatible for Editor in 0.22 ms, found 0 plugins.
Preloading 0 native plugins for Editor in 0.00 ms.
Unloading 1098 Unused Serialized files (Serialized files now loaded: 0)
System memory in use before: 60.9 MB.
System memory in use after: 60.9 MB.

Unloading 5 unused Assets to reduce memory usage. Loaded Objects now: 1625.
Total: 3.571000 ms (FindLiveObjects: 0.244100 ms CreateObjectMapping: 0.077700 ms MarkObjects: 3.151000 ms  DeleteObjects: 0.095900 ms)

========================================================================
Received Import Request.
  Time since last request: 112.332522 seconds.
  path: Assets/Scripts/FacadeManager.cs
  artifactKey: Guid(29fec57e905344f4fa8adfc5166ecf97) Importer(815301076,1909f56bfc062723c751e8b465ee728b)
Start importing Assets/Scripts/FacadeManager.cs using Guid(29fec57e905344f4fa8adfc5166ecf97) Importer(815301076,1909f56bfc062723c751e8b465ee728b)  -> (artifact id: 'e545f5ba268f341bd5b7b53e0003c068') in 0.008257 seconds
  Import took 0.010686 seconds .

========================================================================
Received Import Request.
  Time since last request: 0.029462 seconds.
  path: Assets/Scripts/FacadeManager.cs
  artifactKey: Guid(29fec57e905344f4fa8adfc5166ecf97) Importer(815301076,1909f56bfc062723c751e8b465ee728b)
Start importing Assets/Scripts/FacadeManager.cs using Guid(29fec57e905344f4fa8adfc5166ecf97) Importer(815301076,1909f56bfc062723c751e8b465ee728b)  -> (artifact id: 'e545f5ba268f341bd5b7b53e0003c068') in 0.004815 seconds
  Import took 0.007780 seconds .

========================================================================
Received Prepare
Registering precompiled user dll's ...
Registered in 0.001297 seconds.
Begin MonoManager ReloadAssembly
Native extension for WindowsStandalone target not found
Native extension for WebGL target not found
Refreshing native plugins compatible for Editor in 0.20 ms, found 0 plugins.
Preloading 0 native plugins for Editor in 0.00 ms.
Invoked RoslynAnalysisRunner static constructor.
RoslynAnalysisRunner will not be running.
RoslynAnalysisRunner has terminated.
Mono: successfully reloaded assembly
- Completed reload, in  0.855 seconds
Platform modules already initialized, skipping
Refreshing native plugins compatible for Editor in 0.25 ms, found 0 plugins.
Preloading 0 native plugins for Editor in 0.00 ms.
Unloading 1098 Unused Serialized files (Serialized files now loaded: 0)
System memory in use before: 60.9 MB.
System memory in use after: 60.9 MB.

Unloading 5 unused Assets to reduce memory usage. Loaded Objects now: 1627.
Total: 1.835200 ms (FindLiveObjects: 0.142600 ms CreateObjectMapping: 0.037500 ms MarkObjects: 1.539100 ms  DeleteObjects: 0.114700 ms)

========================================================================
Received Import Request.
  Time since last request: 226.468953 seconds.
  path: Assets/Scripts/FacadeManager.cs
  artifactKey: Guid(29fec57e905344f4fa8adfc5166ecf97) Importer(815301076,1909f56bfc062723c751e8b465ee728b)
Start importing Assets/Scripts/FacadeManager.cs using Guid(29fec57e905344f4fa8adfc5166ecf97) Importer(815301076,1909f56bfc062723c751e8b465ee728b)  -> (artifact id: 'd29cc432cc1e816e2eba848d200c61c5') in 0.006083 seconds
  Import took 0.008487 seconds .

========================================================================
Received Prepare
Registering precompiled user dll's ...
Registered in 0.000838 seconds.
Begin MonoManager ReloadAssembly
Native extension for WindowsStandalone target not found
Native extension for WebGL target not found
Refreshing native plugins compatible for Editor in 0.20 ms, found 0 plugins.
Preloading 0 native plugins for Editor in 0.00 ms.
Invoked RoslynAnalysisRunner static constructor.
RoslynAnalysisRunner will not be running.
RoslynAnalysisRunner has terminated.
Mono: successfully reloaded assembly
- Completed reload, in  0.895 seconds
Platform modules already initialized, skipping
Refreshing native plugins compatible for Editor in 0.23 ms, found 0 plugins.
Preloading 0 native plugins for Editor in 0.00 ms.
Unloading 1098 Unused Serialized files (Serialized files now loaded: 0)
System memory in use before: 60.9 MB.
System memory in use after: 60.9 MB.

Unloading 5 unused Assets to reduce memory usage. Loaded Objects now: 1629.
Total: 2.212600 ms (FindLiveObjects: 0.208600 ms CreateObjectMapping: 0.086400 ms MarkObjects: 1.816700 ms  DeleteObjects: 0.099500 ms)

========================================================================
Received Prepare
Registering precompiled user dll's ...
Registered in 0.000991 seconds.
Begin MonoManager ReloadAssembly
Native extension for WindowsStandalone target not found
Native extension for WebGL target not found
Refreshing native plugins compatible for Editor in 0.22 ms, found 0 plugins.
Preloading 0 native plugins for Editor in 0.00 ms.
Invoked RoslynAnalysisRunner static constructor.
RoslynAnalysisRunner will not be running.
RoslynAnalysisRunner has terminated.
Mono: successfully reloaded assembly
- Completed reload, in  0.917 seconds
Platform modules already initialized, skipping
Refreshing native plugins compatible for Editor in 0.22 ms, found 0 plugins.
Preloading 0 native plugins for Editor in 0.00 ms.
Unloading 1098 Unused Serialized files (Serialized files now loaded: 0)
System memory in use before: 60.9 MB.
System memory in use after: 60.9 MB.

Unloading 5 unused Assets to reduce memory usage. Loaded Objects now: 1631.
Total: 2.164900 ms (FindLiveObjects: 0.262400 ms CreateObjectMapping: 0.067300 ms MarkObjects: 1.736500 ms  DeleteObjects: 0.097500 ms)

========================================================================
Received Prepare
Registering precompiled user dll's ...
Registered in 0.000801 seconds.
Begin MonoManager ReloadAssembly
Native extension for WindowsStandalone target not found
Native extension for WebGL target not found
Refreshing native plugins compatible for Editor in 0.44 ms, found 0 plugins.
Preloading 0 native plugins for Editor in 0.00 ms.
Invoked RoslynAnalysisRunner static constructor.
RoslynAnalysisRunner will not be running.
RoslynAnalysisRunner has terminated.
Mono: successfully reloaded assembly
- Completed reload, in  0.896 seconds
Platform modules already initialized, skipping
Refreshing native plugins compatible for Editor in 0.21 ms, found 0 plugins.
Preloading 0 native plugins for Editor in 0.00 ms.
Unloading 1098 Unused Serialized files (Serialized files now loaded: 0)
System memory in use before: 60.9 MB.
System memory in use after: 60.9 MB.

Unloading 5 unused Assets to reduce memory usage. Loaded Objects now: 1633.
Total: 2.194700 ms (FindLiveObjects: 0.192300 ms CreateObjectMapping: 0.048000 ms MarkObjects: 1.898300 ms  DeleteObjects: 0.054900 ms)

========================================================================
Received Prepare
Registering precompiled user dll's ...
Registered in 0.000855 seconds.
Begin MonoManager ReloadAssembly
Native extension for WindowsStandalone target not found
Native extension for WebGL target not found
Refreshing native plugins compatible for Editor in 0.19 ms, found 0 plugins.
Preloading 0 native plugins for Editor in 0.00 ms.
Invoked RoslynAnalysisRunner static constructor.
RoslynAnalysisRunner will not be running.
RoslynAnalysisRunner has terminated.
Mono: successfully reloaded assembly
- Completed reload, in  0.885 seconds
Platform modules already initialized, skipping
Refreshing native plugins compatible for Editor in 0.23 ms, found 0 plugins.
Preloading 0 native plugins for Editor in 0.00 ms.
Unloading 1098 Unused Serialized files (Serialized files now loaded: 0)
System memory in use before: 60.9 MB.
System memory in use after: 61.0 MB.

Unloading 5 unused Assets to reduce memory usage. Loaded Objects now: 1635.
Total: 1.773700 ms (FindLiveObjects: 0.173400 ms CreateObjectMapping: 0.040700 ms MarkObjects: 1.444700 ms  DeleteObjects: 0.113600 ms)

========================================================================
Received Import Request.
  Time since last request: 476.686080 seconds.
  path: Assets/Scripts/WaldoSize.cs
  artifactKey: Guid(b5769dca0e2d14b44a3b8253eeeb7fd0) Importer(815301076,1909f56bfc062723c751e8b465ee728b)
Start importing Assets/Scripts/WaldoSize.cs using Guid(b5769dca0e2d14b44a3b8253eeeb7fd0) Importer(815301076,1909f56bfc062723c751e8b465ee728b)  -> (artifact id: '7a4ae1bf90f7c3e9b7c2db3e6fc88228') in 0.006291 seconds
  Import took 0.010416 seconds .

========================================================================
Received Import Request.
  Time since last request: 0.001127 seconds.
  path: Assets/Scripts/WaldoSize.cs
  artifactKey: Guid(b5769dca0e2d14b44a3b8253eeeb7fd0) Importer(815301076,1909f56bfc062723c751e8b465ee728b)
Start importing Assets/Scripts/WaldoSize.cs using Guid(b5769dca0e2d14b44a3b8253eeeb7fd0) Importer(815301076,1909f56bfc062723c751e8b465ee728b)  -> (artifact id: '7a4ae1bf90f7c3e9b7c2db3e6fc88228') in 0.004616 seconds
  Import took 0.007083 seconds .

========================================================================
Received Import Request.
  Time since last request: 1.420522 seconds.
  path: Assets/Scripts/WaldoJrSize.cs
  artifactKey: Guid(08b34e5937ec5c64f90b4536efde8e41) Importer(815301076,1909f56bfc062723c751e8b465ee728b)
Start importing Assets/Scripts/WaldoJrSize.cs using Guid(08b34e5937ec5c64f90b4536efde8e41) Importer(815301076,1909f56bfc062723c751e8b465ee728b)  -> (artifact id: '10d23d1e3cce85dc72e83a170201bce3') in 0.002957 seconds
  Import took 0.005088 seconds .

========================================================================
Received Prepare
Registering precompiled user dll's ...
Registered in 0.000791 seconds.
Begin MonoManager ReloadAssembly
Native extension for WindowsStandalone target not found
Native extension for WebGL target not found
Refreshing native plugins compatible for Editor in 0.20 ms, found 0 plugins.
Preloading 0 native plugins for Editor in 0.00 ms.
Invoked RoslynAnalysisRunner static constructor.
RoslynAnalysisRunner will not be running.
RoslynAnalysisRunner has terminated.
Mono: successfully reloaded assembly
- Completed reload, in  0.845 seconds
Platform modules already initialized, skipping
Refreshing native plugins compatible for Editor in 0.31 ms, found 0 plugins.
Preloading 0 native plugins for Editor in 0.00 ms.
Unloading 1098 Unused Serialized files (Serialized files now loaded: 0)
System memory in use before: 60.9 MB.
System memory in use after: 61.0 MB.

Unloading 5 unused Assets to reduce memory usage. Loaded Objects now: 1637.
Total: 2.043100 ms (FindLiveObjects: 0.276400 ms CreateObjectMapping: 0.055400 ms MarkObjects: 1.609000 ms  DeleteObjects: 0.101200 ms)

========================================================================
Received Import Request.
  Time since last request: 20.250196 seconds.
  path: Assets/Scripts/WaldoJrSize.cs
  artifactKey: Guid(08b34e5937ec5c64f90b4536efde8e41) Importer(815301076,1909f56bfc062723c751e8b465ee728b)
Start importing Assets/Scripts/WaldoJrSize.cs using Guid(08b34e5937ec5c64f90b4536efde8e41) Importer(815301076,1909f56bfc062723c751e8b465ee728b)  -> (artifact id: '80209e17223302b8d0e015531a4742a3') in 0.010458 seconds
  Import took 0.015048 seconds .

========================================================================
Received Prepare
Registering precompiled user dll's ...
Registered in 0.000900 seconds.
Begin MonoManager ReloadAssembly
Native extension for WindowsStandalone target not found
Native extension for WebGL target not found
Refreshing native plugins compatible for Editor in 0.21 ms, found 0 plugins.
Preloading 0 native plugins for Editor in 0.00 ms.
Invoked RoslynAnalysisRunner static constructor.
RoslynAnalysisRunner will not be running.
RoslynAnalysisRunner has terminated.
Mono: successfully reloaded assembly
- Completed reload, in  0.907 seconds
Platform modules already initialized, skipping
Refreshing native plugins compatible for Editor in 0.33 ms, found 0 plugins.
Preloading 0 native plugins for Editor in 0.00 ms.
Unloading 1098 Unused Serialized files (Serialized files now loaded: 0)
System memory in use before: 60.9 MB.
System memory in use after: 61.0 MB.

Unloading 5 unused Assets to reduce memory usage. Loaded Objects now: 1639.
Total: 2.161000 ms (FindLiveObjects: 0.152500 ms CreateObjectMapping: 0.043800 ms MarkObjects: 1.906000 ms  DeleteObjects: 0.057600 ms)

AssetImportWorkerClient::OnTransportError - code=2 error=End of file
